Using pre-set license
Built from '2020.3/release' branch; Version is '2020.3.7f1 (dd97f2c94397) revision 14522354'; Using compiler version '192528614'; Build Type 'Release'
OS: 'Windows 10 Education; OS build 19042.985; Version 2009; 64bit' Language: 'en' Physical Memory: 16299 MB
BatchMode: 1, IsHumanControllingUs: 0, StartBugReporterOnCrash: 0, Is64bit: 1, IsPro: 0

 COMMAND LINE ARGUMENTS:
C:\Program Files\Unity\Hub\Editor\2020.3.7f1\Editor\Unity.exe
-adb2
-batchMode
-noUpm
-name
AssetImportWorker0
-projectPath
C:/Users/Juan/Documents/GitHub/Tic-Tac-Toe/Tic Tac Toe
-logFile
Logs/AssetImportWorker0.log
-srvPort
61688
Successfully changed project path to: C:/Users/Juan/Documents/GitHub/Tic-Tac-Toe/Tic Tac Toe
C:/Users/Juan/Documents/GitHub/Tic-Tac-Toe/Tic Tac Toe
Using Asset Import Pipeline V2.
Refreshing native plugins compatible for Editor in 31.69 ms, found 0 plugins.
Preloading 0 native plugins for Editor in 0.00 ms.
Initialize engine version: 2020.3.7f1 (dd97f2c94397)
[Subsystems] Discovering subsystems at path C:/Program Files/Unity/Hub/Editor/2020.3.7f1/Editor/Data/Resources/UnitySubsystems
[Subsystems] Discovering subsystems at path C:/Users/Juan/Documents/GitHub/Tic-Tac-Toe/Tic Tac Toe/Assets
GfxDevice: creating device client; threaded=0
Direct3D:
    Version:  Direct3D 11.0 [level 11.1]
    Renderer: NVIDIA GeForce RTX 2060 (ID=0x1f08)
    Vendor:   
    VRAM:     5980 MB
    Driver:   27.21.14.6611
Initialize mono
Mono path[0] = 'C:/Program Files/Unity/Hub/Editor/2020.3.7f1/Editor/Data/Managed'
Mono path[1] = 'C:/Program Files/Unity/Hub/Editor/2020.3.7f1/Editor/Data/MonoBleedingEdge/lib/mono/unityjit'
Mono config path = 'C:/Program Files/Unity/Hub/Editor/2020.3.7f1/Editor/Data/MonoBleedingEdge/etc'
Using monoOptions --debugger-agent=transport=dt_socket,embedding=1,server=y,suspend=n,address=127.0.0.1:56888
Begin MonoManager ReloadAssembly
Registering precompiled unity dll's ...
Register platform support module: C:/Program Files/Unity/Hub/Editor/2020.3.7f1/Editor/Data/PlaybackEngines/WebGLSupport/UnityEditor.WebGL.Extensions.dll
Register platform support module: C:/Program Files/Unity/Hub/Editor/2020.3.7f1/Editor/Data/PlaybackEngines/WindowsStandaloneSupport/UnityEditor.WindowsStandalone.Extensions.dll
Registered in 0.003671 seconds.
Native extension for WindowsStandalone target not found
Native extension for WebGL target not found
Refreshing native plugins compatible for Editor in 34.39 ms, found 0 plugins.
Preloading 0 native plugins for Editor in 0.00 ms.
Mono: successfully reloaded assembly
- Completed reload, in  1.776 seconds
Platform modules already initialized, skipping
Registering precompiled user dll's ...
Registered in 0.000973 seconds.
Begin MonoManager ReloadAssembly
Native extension for WindowsStandalone target not found
Native extension for WebGL target not found
Refreshing native plugins compatible for Editor in 0.35 ms, found 0 plugins.
Preloading 0 native plugins for Editor in 0.00 ms.
Mono: successfully reloaded assembly
- Completed reload, in  1.236 seconds
Platform modules already initialized, skipping
========================================================================
Worker process is ready to serve import requests
Launched and connected shader compiler UnityShaderCompiler.exe after 0.07 seconds
Refreshing native plugins compatible for Editor in 0.46 ms, found 0 plugins.
Preloading 0 native plugins for Editor in 0.00 ms.
Unloading 1121 Unused Serialized files (Serialized files now loaded: 0)
System memory in use before: 57.8 MB.
System memory in use after: 57.8 MB.

Unloading 9 unused Assets to reduce memory usage. Loaded Objects now: 1566.
Total: 2.376600 ms (FindLiveObjects: 0.189200 ms CreateObjectMapping: 0.051200 ms MarkObjects: 2.039500 ms  DeleteObjects: 0.094600 ms)

========================================================================
Received Import Request.
  path: Assets/Fonts/JazzCreateBubble.ttf
  artifactKey: Guid(58b647c5b2ec4184e9a07a561cdf0644) Importer(815301076,1909f56bfc062723c751e8b465ee728b)
Start importing Assets/Fonts/JazzCreateBubble.ttf using Guid(58b647c5b2ec4184e9a07a561cdf0644) Importer(815301076,1909f56bfc062723c751e8b465ee728b)  -> (artifact id: '82fcbe29904acbaed6d53ad0a2300015') in 0.161711 seconds
  Import took 0.165044 seconds .

========================================================================
Received Import Request.
  Time since last request: 0.000349 seconds.
  path: Assets/Fonts/_Scene/Font.unity
  artifactKey: Guid(a9b7061b472e28d4bb0cc6bd7fe8a1ef) Importer(815301076,1909f56bfc062723c751e8b465ee728b)
Start importing Assets/Fonts/_Scene/Font.unity using Guid(a9b7061b472e28d4bb0cc6bd7fe8a1ef) Importer(815301076,1909f56bfc062723c751e8b465ee728b)  -> (artifact id: 'aa2c0c9f30eb5eabd8ee73d7cbb3a7e3') in 0.003792 seconds
  Import took 0.006278 seconds .

========================================================================
Received Import Request.
  Time since last request: 0.000257 seconds.
  path: Assets/Fonts/_Scene
  artifactKey: Guid(c3eff68d6f09f5946bdbf19f4f111c53) Importer(815301076,1909f56bfc062723c751e8b465ee728b)
Start importing Assets/Fonts/_Scene using Guid(c3eff68d6f09f5946bdbf19f4f111c53) Importer(815301076,1909f56bfc062723c751e8b465ee728b)  -> (artifact id: '31b14b3b43185d3e5f03f14da2ac3f4c') in 0.003740 seconds
  Import took 0.006145 seconds .

========================================================================
Received Import Request.
  Time since last request: 16.018052 seconds.
  path: Assets/Fonts/Script
  artifactKey: Guid(9ea026a6282c34b4d9366aa4e30de9c9) Importer(815301076,1909f56bfc062723c751e8b465ee728b)
Start importing Assets/Fonts/Script using Guid(9ea026a6282c34b4d9366aa4e30de9c9) Importer(815301076,1909f56bfc062723c751e8b465ee728b)  -> (artifact id: '034719f686fe5fe80df292b9470b069d') in 0.003430 seconds
  Import took 0.005950 seconds .

========================================================================
Received Import Request.
  Time since last request: 0.006127 seconds.
  path: Assets/Fonts/Script
  artifactKey: Guid(9ea026a6282c34b4d9366aa4e30de9c9) Importer(815301076,1909f56bfc062723c751e8b465ee728b)
Start importing Assets/Fonts/Script using Guid(9ea026a6282c34b4d9366aa4e30de9c9) Importer(815301076,1909f56bfc062723c751e8b465ee728b)  -> (artifact id: '034719f686fe5fe80df292b9470b069d') in 0.002821 seconds
  Import took 0.005332 seconds .

========================================================================
Received Import Request.
  Time since last request: 0.752166 seconds.
  path: Assets/Fonts/Script/scriptTexttest.cs
  artifactKey: Guid(cf58b38533854964da0284ae4f5be975) Importer(815301076,1909f56bfc062723c751e8b465ee728b)
Start importing Assets/Fonts/Script/scriptTexttest.cs using Guid(cf58b38533854964da0284ae4f5be975) Importer(815301076,1909f56bfc062723c751e8b465ee728b)  -> (artifact id: '7f0431dc406fa20d4862a4b82c227fb6') in 0.008382 seconds
  Import took 0.011170 seconds .

========================================================================
Received Import Request.
  Time since last request: 0.002386 seconds.
  path: Assets/Fonts/Script/scriptTexttest.cs
  artifactKey: Guid(cf58b38533854964da0284ae4f5be975) Importer(815301076,1909f56bfc062723c751e8b465ee728b)
Start importing Assets/Fonts/Script/scriptTexttest.cs using Guid(cf58b38533854964da0284ae4f5be975) Importer(815301076,1909f56bfc062723c751e8b465ee728b)  -> (artifact id: '7f0431dc406fa20d4862a4b82c227fb6') in 0.002888 seconds
  Import took 0.005324 seconds .

========================================================================
Received Prepare
Registering precompiled user dll's ...
Registered in 0.001500 seconds.
Begin MonoManager ReloadAssembly
Native extension for WindowsStandalone target not found
Native extension for WebGL target not found
Refreshing native plugins compatible for Editor in 0.41 ms, found 0 plugins.
Preloading 0 native plugins for Editor in 0.00 ms.
Mono: successfully reloaded assembly
- Completed reload, in  1.438 seconds
Platform modules already initialized, skipping
Refreshing native plugins compatible for Editor in 0.58 ms, found 0 plugins.
Preloading 0 native plugins for Editor in 0.00 ms.
Unloading 1116 Unused Serialized files (Serialized files now loaded: 0)
System memory in use before: 61.1 MB.
System memory in use after: 61.2 MB.

Unloading 4 unused Assets to reduce memory usage. Loaded Objects now: 1613.
Total: 2.658600 ms (FindLiveObjects: 0.359700 ms CreateObjectMapping: 0.062100 ms MarkObjects: 2.209800 ms  DeleteObjects: 0.024800 ms)

========================================================================
Received Import Request.
  Time since last request: 25.832595 seconds.
  path: Assets/Fonts/UIsprite
  artifactKey: Guid(649fd21005387924f928577cea7a3fae) Importer(815301076,1909f56bfc062723c751e8b465ee728b)
Start importing Assets/Fonts/UIsprite using Guid(649fd21005387924f928577cea7a3fae) Importer(815301076,1909f56bfc062723c751e8b465ee728b)  -> (artifact id: '8e519b544b6d8f6a307bf949487b7c6d') in 0.007952 seconds
  Import took 0.010513 seconds .

========================================================================
Received Import Request.
  Time since last request: 0.008699 seconds.
  path: Assets/Fonts/UIsprite
  artifactKey: Guid(649fd21005387924f928577cea7a3fae) Importer(815301076,1909f56bfc062723c751e8b465ee728b)
Start importing Assets/Fonts/UIsprite using Guid(649fd21005387924f928577cea7a3fae) Importer(815301076,1909f56bfc062723c751e8b465ee728b)  -> (artifact id: '8e519b544b6d8f6a307bf949487b7c6d') in 0.004212 seconds
  Import took 0.007564 seconds .

========================================================================
Received Import Request.
  Time since last request: 0.183342 seconds.
  path: Assets/Fonts/UIsprite/JazzCreateFontUI1024x512.png
  artifactKey: Guid(d61d12d2d79f7244e9f4de798743e099) Importer(815301076,1909f56bfc062723c751e8b465ee728b)
Start importing Assets/Fonts/UIsprite/JazzCreateFontUI1024x512.png using Guid(d61d12d2d79f7244e9f4de798743e099) Importer(815301076,1909f56bfc062723c751e8b465ee728b)  -> (artifact id: '91dc79f741aa10c65bc4f5fdf5f093bf') in 0.130491 seconds
  Import took 0.133273 seconds .

========================================================================
Received Import Request.
  Time since last request: 17.337557 seconds.
  path: Assets/Fonts/Documentation/JazzCreateAltKeys_BubbleFont.txt
  artifactKey: Guid(7368ec3e1bbae1e4e8d761edc844acf0) Importer(815301076,1909f56bfc062723c751e8b465ee728b)
Start importing Assets/Fonts/Documentation/JazzCreateAltKeys_BubbleFont.txt using Guid(7368ec3e1bbae1e4e8d761edc844acf0) Importer(815301076,1909f56bfc062723c751e8b465ee728b)  -> (artifact id: 'a5077b611f13a48a04e40a139caf89c0') in 0.009355 seconds
  Import took 0.011917 seconds .

========================================================================
Received Import Request.
  Time since last request: 0.037427 seconds.
  path: Assets/Fonts/Documentation/JazzCreateAltKeys_BubbleFont.txt
  artifactKey: Guid(7368ec3e1bbae1e4e8d761edc844acf0) Importer(815301076,1909f56bfc062723c751e8b465ee728b)
Start importing Assets/Fonts/Documentation/JazzCreateAltKeys_BubbleFont.txt using Guid(7368ec3e1bbae1e4e8d761edc844acf0) Importer(815301076,1909f56bfc062723c751e8b465ee728b)  -> (artifact id: 'a5077b611f13a48a04e40a139caf89c0') in 0.003336 seconds
  Import took 0.006143 seconds .

========================================================================
Received Import Request.
  Time since last request: 8.130071 seconds.
  path: Assets/Fonts/Documentation/JazzCreateBubble_VersionHistory_1.1.txt
  artifactKey: Guid(e9987e534f632fb4fa8d7d8294fd09d4) Importer(815301076,1909f56bfc062723c751e8b465ee728b)
Start importing Assets/Fonts/Documentation/JazzCreateBubble_VersionHistory_1.1.txt using Guid(e9987e534f632fb4fa8d7d8294fd09d4) Importer(815301076,1909f56bfc062723c751e8b465ee728b)  -> (artifact id: '035ea4f5a218e5f701fbd488663efafa') in 0.004742 seconds
  Import took 0.007336 seconds .

========================================================================
Received Import Request.
  Time since last request: 39.067266 seconds.
  path: Assets/Materials/Font
  artifactKey: Guid(2b3fca11161f8104ebecfe6cb6270c80) Importer(815301076,1909f56bfc062723c751e8b465ee728b)
Start importing Assets/Materials/Font using Guid(2b3fca11161f8104ebecfe6cb6270c80) Importer(815301076,1909f56bfc062723c751e8b465ee728b)  -> (artifact id: 'a53a6118b5a0adf301a488b036100319') in 0.003546 seconds
  Import took 0.006423 seconds .

========================================================================
Received Prepare
Registering precompiled user dll's ...
Registered in 0.000946 seconds.
Begin MonoManager ReloadAssembly
Native extension for WindowsStandalone target not found
Native extension for WebGL target not found
Refreshing native plugins compatible for Editor in 0.29 ms, found 0 plugins.
Preloading 0 native plugins for Editor in 0.00 ms.
Mono: successfully reloaded assembly
- Completed reload, in  1.146 seconds
Platform modules already initialized, skipping
Refreshing native plugins compatible for Editor in 0.32 ms, found 0 plugins.
Preloading 0 native plugins for Editor in 0.00 ms.
Unloading 1115 Unused Serialized files (Serialized files now loaded: 0)
System memory in use before: 61.2 MB.
System memory in use after: 61.3 MB.

Unloading 4 unused Assets to reduce memory usage. Loaded Objects now: 1620.
Total: 2.242600 ms (FindLiveObjects: 0.227100 ms CreateObjectMapping: 0.042300 ms MarkObjects: 1.952200 ms  DeleteObjects: 0.019800 ms)

========================================================================
Received Import Request.
  Time since last request: 42.266207 seconds.
  path: Assets/Animations
  artifactKey: Guid(1055f095994a9d341a23729fb05404f1) Importer(815301076,1909f56bfc062723c751e8b465ee728b)
Start importing Assets/Animations using Guid(1055f095994a9d341a23729fb05404f1) Importer(815301076,1909f56bfc062723c751e8b465ee728b)  -> (artifact id: 'd800dc824c39a76fcea4877bcbd6083f') in 0.006311 seconds
  Import took 0.008779 seconds .

========================================================================
Received Import Request.
  Time since last request: 0.014498 seconds.
  path: Assets/Animations
  artifactKey: Guid(1055f095994a9d341a23729fb05404f1) Importer(815301076,1909f56bfc062723c751e8b465ee728b)
Start importing Assets/Animations using Guid(1055f095994a9d341a23729fb05404f1) Importer(815301076,1909f56bfc062723c751e8b465ee728b)  -> (artifact id: 'd800dc824c39a76fcea4877bcbd6083f') in 0.004268 seconds
  Import took 0.007059 seconds .

========================================================================
Received Prepare
Registering precompiled user dll's ...
Registered in 0.001137 seconds.
Begin MonoManager ReloadAssembly
Native extension for WindowsStandalone target not found
Native extension for WebGL target not found
Refreshing native plugins compatible for Editor in 0.42 ms, found 0 plugins.
Preloading 0 native plugins for Editor in 0.00 ms.
Mono: successfully reloaded assembly
- Completed reload, in  1.161 seconds
Platform modules already initialized, skipping
Refreshing native plugins compatible for Editor in 0.45 ms, found 0 plugins.
Preloading 0 native plugins for Editor in 0.00 ms.
Unloading 1115 Unused Serialized files (Serialized files now loaded: 0)
System memory in use before: 61.2 MB.
System memory in use after: 61.3 MB.

Unloading 4 unused Assets to reduce memory usage. Loaded Objects now: 1623.
Total: 2.119400 ms (FindLiveObjects: 0.215100 ms CreateObjectMapping: 0.044500 ms MarkObjects: 1.837700 ms  DeleteObjects: 0.020500 ms)

AssetImportWorkerClient::OnTransportError - code=2 error=End of file
